[2026-02-04 18:33:05,892] INFO - Created directory : src\Spam_detction
[2026-02-04 18:33:05,892] INFO - Created file : src\Spam_detction\__init__.py
[2026-02-04 18:33:05,892] INFO - Created directory : src\Spam_detction\entity
[2026-02-04 18:33:05,892] INFO - Created file : src\Spam_detction\entity\__init__.py
[2026-02-04 18:33:05,892] INFO - Created directory : src\Spam_detction\entity
[2026-02-04 18:33:05,892] INFO - Created file : src\Spam_detction\entity\entity.py
[2026-02-04 18:33:05,892] INFO - Created directory : src\Spam_detction\configuration
[2026-02-04 18:33:05,892] INFO - Created file : src\Spam_detction\configuration\__init__.py
[2026-02-04 18:33:05,892] INFO - Created directory : src\Spam_detction\configuration
[2026-02-04 18:33:05,892] INFO - Created file : src\Spam_detction\configuration\config.py
[2026-02-04 18:33:05,892] INFO - Created directory : src\Spam_detction\components
[2026-02-04 18:33:05,892] INFO - Created file : src\Spam_detction\components\__init__.py
[2026-02-04 18:33:05,892] INFO - Created directory : src\Spam_detction\components
[2026-02-04 18:33:05,892] INFO - Created file : src\Spam_detction\components\data_ingestion.py
[2026-02-04 18:33:05,892] INFO - Created directory : src\Spam_detction\components
[2026-02-04 18:33:05,892] INFO - Created file : src\Spam_detction\components\data_validation.py
[2026-02-04 18:33:05,892] INFO - Created directory : src\Spam_detction\components
[2026-02-04 18:33:05,892] INFO - Created file : src\Spam_detction\components\data_preprocessing.py
[2026-02-04 18:33:05,892] INFO - Created directory : src\Spam_detction\components
[2026-02-04 18:33:05,892] INFO - Created file : src\Spam_detction\components\model_traning.py
[2026-02-04 18:33:05,892] INFO - Created directory : src\Spam_detction\components
[2026-02-04 18:33:05,892] INFO - Created file : src\Spam_detction\components\model_validation.py
[2026-02-04 18:33:05,892] INFO - Created directory : src\Spam_detction\pipeline
[2026-02-04 18:33:05,892] INFO - Created file : src\Spam_detction\pipeline\__init__.py
[2026-02-04 18:33:05,892] INFO - Created directory : src\Spam_detction\pipeline
[2026-02-04 18:33:05,902] INFO - Created file : src\Spam_detction\pipeline\pipeline01_data_ingestion.py
[2026-02-04 18:33:05,902] INFO - Created directory : src\Spam_detction\pipeline
[2026-02-04 18:33:05,902] INFO - Created file : src\Spam_detction\pipeline\pipeline02_data_validation.py
[2026-02-04 18:33:05,902] INFO - Created directory : src\Spam_detction\pipeline
[2026-02-04 18:33:05,902] INFO - Created file : src\Spam_detction\pipeline\pipeline03_data_preprocessing.py
[2026-02-04 18:33:05,902] INFO - Created directory : src\Spam_detction\pipeline
[2026-02-04 18:33:05,902] INFO - Created file : src\Spam_detction\pipeline\pipeline04_model_training.py
[2026-02-04 18:33:05,902] INFO - Created directory : src\Spam_detction\pipeline
[2026-02-04 18:33:05,902] INFO - Created file : src\Spam_detction\pipeline\pipeline05_model_validation.py
[2026-02-04 18:33:05,902] INFO - Created directory : src
[2026-02-04 18:33:05,902] INFO - Created file : src\Spam_detctionlogger.py
[2026-02-04 18:33:05,902] INFO - Created directory : config
[2026-02-04 18:33:05,902] INFO - Created file : config\config.yaml
[2026-02-04 18:33:05,902] INFO - Created file : params.yaml
[2026-02-04 18:33:05,902] INFO - Created file : main.py
[2026-02-04 18:33:05,902] INFO - Created file : requirements.txt
[2026-02-04 18:33:05,902] INFO - Created file : .gitignore
[2026-02-04 18:33:05,902] INFO - Created file : setup.py
[2026-02-04 18:33:05,902] INFO - Created file : app.py
[2026-02-04 18:33:41,422] INFO - Created directory : src\Spam_detction
[2026-02-04 18:33:41,422] INFO - Created directory : src\Spam_detction\entity
[2026-02-04 18:33:41,422] INFO - Created directory : src\Spam_detction\entity
[2026-02-04 18:33:41,422] INFO - Created directory : src\Spam_detction\configuration
[2026-02-04 18:33:41,422] INFO - Created directory : src\Spam_detction\configuration
[2026-02-04 18:33:41,422] INFO - Created directory : src\Spam_detction\components
[2026-02-04 18:33:41,422] INFO - Created directory : src\Spam_detction\components
[2026-02-04 18:33:41,422] INFO - Created directory : src\Spam_detction\components
[2026-02-04 18:33:41,422] INFO - Created directory : src\Spam_detction\components
[2026-02-04 18:33:41,422] INFO - Created directory : src\Spam_detction\components
[2026-02-04 18:33:41,422] INFO - Created directory : src\Spam_detction\components
[2026-02-04 18:33:41,422] INFO - Created directory : src\Spam_detction\pipeline
[2026-02-04 18:33:41,422] INFO - Created directory : src\Spam_detction\pipeline
[2026-02-04 18:33:41,422] INFO - Created directory : src\Spam_detction\pipeline
[2026-02-04 18:33:41,422] INFO - Created directory : src\Spam_detction\pipeline
[2026-02-04 18:33:41,422] INFO - Created directory : src\Spam_detction\pipeline
[2026-02-04 18:33:41,422] INFO - Created directory : src\Spam_detction\pipeline
[2026-02-04 18:33:41,422] INFO - Created directory : src
[2026-02-04 18:33:41,422] INFO - Created file : src\logger.py
[2026-02-04 18:33:41,422] INFO - Created directory : config
